Lockfile is up to date, resolution step is skipped
Progress: resolved 1, reused 0, downloaded 0, added 0
Packages: +806
++++++++++++++++++++++++++++++++++++++++++++++++++++++++++++++++++++++++++++++++
Progress: resolved 806, reused 77, downloaded 0, added 0
Progress: resolved 806, reused 716, downloaded 0, added 0
Progress: resolved 806, reused 806, downloaded 0, added 54
Progress: resolved 806, reused 806, downloaded 0, added 130
Progress: resolved 806, reused 806, downloaded 0, added 193
Progress: resolved 806, reused 806, downloaded 0, added 262
Progress: resolved 806, reused 806, downloaded 0, added 341
Progress: resolved 806, reused 806, downloaded 0, added 456
Progress: resolved 806, reused 806, downloaded 0, added 513
Progress: resolved 806, reused 806, downloaded 0, added 552
Progress: resolved 806, reused 806, downloaded 0, added 606
Progress: resolved 806, reused 806, downloaded 0, added 681
Progress: resolved 806, reused 806, downloaded 0, added 717
Progress: resolved 806, reused 806, downloaded 0, added 736
Progress: resolved 806, reused 806, downloaded 0, added 776
Progress: resolved 806, reused 806, downloaded 0, added 805
Progress: resolved 806, reused 806, downloaded 0, added 806
Progress: resolved 806, reused 806, downloaded 0, added 806, done

dependencies:
+ @radix-ui/react-slot 1.2.4
+ @supabase/ssr 0.10.2
+ @supabase/supabase-js 2.105.2
+ @vercel/speed-insights 2.0.0
+ class-variance-authority 0.7.1
+ clsx 2.1.1
+ lucide-react 1.14.0
+ next 16.2.4
+ papaparse 5.5.3
+ pdfkit 0.17.2
+ qrcode 1.5.4
+ react 19.2.4
+ react-dom 19.2.4
+ server-only 0.0.1
+ tailwind-merge 3.5.0
+ zod 4.4.3

devDependencies:
+ @playwright/test 1.59.1
+ @semantic-release/changelog 6.0.3
+ @semantic-release/commit-analyzer 13.0.1
+ @semantic-release/git 10.0.1
+ @semantic-release/github 12.0.9
+ @semantic-release/npm 13.1.5
+ @semantic-release/release-notes-generator 14.1.1
+ @tailwindcss/postcss 4.2.4
+ @testing-library/jest-dom 6.9.1
+ @testing-library/react 16.3.2
+ @testing-library/user-event 14.6.1
+ @types/node 20.19.39
+ @types/papaparse 5.5.2
+ @types/pdfkit 0.17.6
+ @types/qrcode 1.5.6
+ @types/react 19.2.14
+ @types/react-dom 19.2.3
+ @vitejs/plugin-react 6.0.1
+ eslint 9.39.4
+ eslint-config-next 16.2.4
+ eslint-config-prettier 10.1.8
+ husky 9.1.7
+ jsdom 29.1.1
+ lint-staged 16.4.0
+ prettier 3.8.3
+ prettier-plugin-tailwindcss 0.8.0
+ semantic-release 25.0.5
+ sharp 0.34.5
+ supabase 2.98.1
+ tailwindcss 4.2.4
+ tsx 4.21.0
+ typescript 5.9.3
+ vitest 4.1.5

. prepare$ husky
. prepare: Done
╭ Warning ─────────────────────────────────────────────────────────────────────╮
│                                                                              │
│   Ignored build scripts: esbuild@0.27.7.                                     │
│   Run "pnpm approve-builds" to pick which dependencies should be allowed     │
│   to run scripts.                                                            │
│                                                                              │
╰──────────────────────────────────────────────────────────────────────────────╯
Done in 25.3s using pnpm v10.33.0
